2018-03-01 10:42:09,288 INFO  org.openscada.opc.lib.da.Server.connect:109 - Socket timeout: 0 
2018-03-01 10:42:30,381 INFO  org.openscada.opc.lib.da.Server.connect:141 - Failed to connect to server
org.jinterop.dcom.common.JIException: An internal error occurred. [0x8001FFFF]
	at org.jinterop.dcom.core.JIComServer.init(JIComServer.java:546)
	at org.jinterop.dcom.core.JIComServer.initialise(JIComServer.java:458)
	at org.jinterop.dcom.core.JIComServer.<init>(JIComServer.java:427)
	at org.openscada.opc.lib.da.Server.connect(Server.java:117)
	at com.freud.opc.utgard.cases.OPCTest8.main(OPCTest8.java:28)
Caused by: java.net.ConnectException: Connection timed out: connect
	at sun.nio.ch.Net.connect0(Native Method)
	at sun.nio.ch.Net.connect(Net.java:454)
	at sun.nio.ch.Net.connect(Net.java:446)
	at sun.nio.ch.SocketChannelImpl.connect(SocketChannelImpl.java:648)
	at java.nio.channels.SocketChannel.open(SocketChannel.java:189)
	at org.jinterop.dcom.transport.JIComTransport.attach(JIComTransport.java:98)
	at rpc.Stub.attach(Stub.java:105)
	at org.jinterop.dcom.core.JIComServer.init(JIComServer.java:523)
	... 4 more
2018-03-01 10:42:30,398 INFO  org.openscada.opc.lib.da.Server.cleanup:160 - Destroying DCOM session...
2018-03-01 10:42:30,399 INFO  org.openscada.opc.lib.da.Server.cleanup:187 - Destroying DCOM session... forked
